<?xml version="1.0" encoding="UTF-8"?>
<!-- Generated by org.testng.reporters.JUnitReportReporter -->
<testsuite hostname="BPARDEY1-SFL" name="guerrillamail_flow_validation.Send_Email" tests="1" failures="0" timestamp="17 Jun 2017 22:58:31 GMT" time="6.319" errors="0">
  <testcase name="sending_email" time="6.319" classname="guerrillamail_flow_validation.Send_Email"/>
</testsuite> <!-- guerrillamail_flow_validation.Send_Email -->
