<?xml version="1.0" encoding="UTF-8"?>
<!-- Generated by org.testng.reporters.JUnitReportReporter -->
<testsuite hostname="BPARDEY1-SFL" name="guerrillamail_flow_validation.Guerrillamail_Flow_Automation" tests="1" failures="0" timestamp="19 Jun 2017 21:40:19 GMT" time="30.014" errors="0">
  <testcase name="email_automation_flow" time="30.014" classname="guerrillamail_flow_validation.Guerrillamail_Flow_Automation"/>
</testsuite> <!-- guerrillamail_flow_validation.Guerrillamail_Flow_Automation -->
