<?xml version="1.0" encoding="UTF-8"?>
<!-- Generated by org.testng.reporters.JUnitReportReporter -->
<testsuite hostname="BPARDEY1-SFL" name="guerrillamail_flow_validation.HtmlReport" tests="1" failures="0" timestamp="18 Jun 2017 07:48:58 GMT" time="0.011" errors="0">
  <testcase name="f" time="0.011" classname="guerrillamail_flow_validation.HtmlReport"/>
</testsuite> <!-- guerrillamail_flow_validation.HtmlReport -->
