<?xml version="1.0" encoding="UTF-8"?>
<!-- Generated by org.testng.reporters.JUnitReportReporter -->
<testsuite hostname="BPARDEY1-SFL" name="guerrillamail_flow_validation.Compose_Selenium" tests="1" failures="0" timestamp="19 Jun 2017 03:22:21 GMT" time="31.985" errors="0">
  <testcase name="email_automation_flow" time="31.985" classname="guerrillamail_flow_validation.Compose_Selenium"/>
</testsuite> <!-- guerrillamail_flow_validation.Compose_Selenium -->
