<?xml version="1.0" encoding="UTF-8"?>
<!-- Generated by org.testng.reporters.JUnitReportReporter -->
<testsuite hostname="BPARDEY1-SFL" name="gymboree_pages.Reward_Signup" tests="1" failures="0" timestamp="25 Apr 2017 22:50:09 GMT" time="38.253" errors="0">
  <testcase name="rewar_signup" time="38.253" classname="gymboree_pages.Reward_Signup"/>
</testsuite> <!-- gymboree_pages.Reward_Signup -->
