<?xml version="1.0" encoding="UTF-8"?>
<!-- Generated by org.testng.reporters.JUnitReportReporter -->
<testsuite hostname="BPARDEY1-SFL" name="gymboree_pages.Newuser_Registration" tests="1" failures="0" timestamp="25 Apr 2017 22:48:01 GMT" time="28.048" errors="0">
  <testcase name="newuser_registration" time="28.048" classname="gymboree_pages.Newuser_Registration"/>
</testsuite> <!-- gymboree_pages.Newuser_Registration -->
