<?xml version="1.0" encoding="UTF-8"?>
<!-- Generated by org.testng.reporters.JUnitReportReporter -->
<testsuite hostname="BPARDEY1-SFL" name="gymboree_pages.Category_Pages" tests="1" failures="0" timestamp="25 Apr 2017 22:39:36 GMT" time="216.466" errors="0">
  <testcase name="category_pages" time="216.466" classname="gymboree_pages.Category_Pages"/>
</testsuite> <!-- gymboree_pages.Category_Pages -->
