<?xml version="1.0" encoding="UTF-8"?>
<!-- Generated by org.testng.reporters.JUnitReportReporter -->
<testsuite hostname="BPARDEY1-SFL" name="gymboree_pages.Existinguser_Login_Logout" tests="1" failures="0" timestamp="25 Apr 2017 22:44:37 GMT" time="108.505" errors="0">
  <testcase name="login" time="108.505" classname="gymboree_pages.Existinguser_Login_Logout"/>
</testsuite> <!-- gymboree_pages.Existinguser_Login_Logout -->
