<?xml version="1.0" encoding="UTF-8"?>
<!-- Generated by org.testng.reporters.JUnitReportReporter -->
<testsuite hostname="BPARDEY1-SFL" name="gymboree_pages.Footer_Links" tests="1" failures="0" timestamp="25 Apr 2017 23:24:29 GMT" time="51.417" errors="0">
  <testcase name="footer_links" time="51.417" classname="gymboree_pages.Footer_Links"/>
</testsuite> <!-- gymboree_pages.Footer_Links -->
