<?xml version="1.0" encoding="UTF-8"?>
<!-- Generated by org.testng.reporters.JUnitReportReporter -->
<testsuite hostname="BPARDEY1-SFL" name="gymboree_pages.Registereduser_Checkout" tests="1" failures="0" timestamp="25 Apr 2017 22:52:25 GMT" time="91.999" errors="0">
  <testcase name="registereduser_checkout" time="91.999" classname="gymboree_pages.Registereduser_Checkout"/>
</testsuite> <!-- gymboree_pages.Registereduser_Checkout -->
