<?xml version="1.0" encoding="UTF-8"?>
<!-- Generated by org.testng.reporters.JUnitReportReporter -->
<testsuite hostname="BPARDEY1-SFL" name="gymboree_pages.HtmlReport" tests="1" failures="0" timestamp="28 Mar 2017 18:22:10 GMT" time="0.232" errors="0">
  <testcase name="f" time="0.232" classname="gymboree_pages.HtmlReport"/>
</testsuite> <!-- gymboree_pages.HtmlReport -->
