<?xml version="1.0" encoding="UTF-8"?>
<!-- Generated by org.testng.reporters.JUnitReportReporter -->
<testsuite hostname="BPARDEY1-SFL" name="gymboree_pages.Guestuser_Checkout" tests="1" failures="0" timestamp="25 Apr 2017 23:26:14 GMT" time="80.482" errors="0">
  <testcase name="guestuser_checkout" time="80.482" classname="gymboree_pages.Guestuser_Checkout"/>
</testsuite> <!-- gymboree_pages.Guestuser_Checkout -->
