<?xml version="1.0" encoding="UTF-8"?>
<!-- Generated by org.testng.reporters.JUnitReportReporter -->
<testsuite hostname="BPARDEY1-SFL" name="gymboree_pages.Checkout_withGiftCard" tests="1" failures="0" timestamp="25 Apr 2017 22:57:50 GMT" time="103.573" errors="0">
  <testcase name="checkout_withgiftcard" time="103.573" classname="gymboree_pages.Checkout_withGiftCard"/>
</testsuite> <!-- gymboree_pages.Checkout_withGiftCard -->
