<?xml version="1.0" encoding="UTF-8"?>
<!-- Generated by org.testng.reporters.JUnitReportReporter -->
<testsuite hostname="BPARDEY1-SFL" name="gymboree_pages.Order_Cancellation" tests="1" failures="0" timestamp="25 Apr 2017 22:54:43 GMT" time="50.163" errors="0">
  <testcase name="order_cancellation" time="50.163" classname="gymboree_pages.Order_Cancellation"/>
</testsuite> <!-- gymboree_pages.Order_Cancellation -->
